# JRE version: OpenJDK Runtime Environment (8.0_242-b01) (build 1.8.0_242-release-1644-b01)
# Java VM: OpenJDK 64-Bit Server VM (25.242-b01 mixed mode windows-amd64 compressed oops)
Heap:
 PSYoungGen      total 167424K, used 101731K [0x00000000d5580000, 0x00000000e0c80000, 0x0000000100000000)
  eden space 159232K, 58% used [0x00000000d5580000,0x00000000db0dcae8,0x00000000df100000)
  from space 8192K, 99% used [0x00000000e0480000,0x00000000e0c7c138,0x00000000e0c80000)
  to   space 11264K, 0% used [0x00000000df680000,0x00000000df680000,0x00000000e0180000)
 ParOldGen       total 139776K, used 14362K [0x0000000080000000, 0x0000000088880000, 0x00000000d5580000)
  object space 139776K, 10% used [0x0000000080000000,0x0000000080e06bc8,0x0000000088880000)
 Metaspace       used 46591K, capacity 48560K, committed 48680K, reserved 1091584K
  class space    used 6292K, capacity 6694K, committed 6696K, reserved 1048576K
GC Heap History (10 events):
Event: 4.788 GC heap before
{Heap before GC invocations=6 (full 1):
 PSYoungGen      total 76288K, used 65536K [0x00000000d5580000, 0x00000000dea80000, 0x0000000100000000)
  eden space 65536K, 100% used [0x00000000d5580000,0x00000000d9580000,0x00000000d9580000)
  from space 10752K, 0% used [0x00000000da000000,0x00000000da000000,0x00000000daa80000)
  to   space 10752K, 0% used [0x00000000d9580000,0x00000000d9580000,0x00000000da000000)
 ParOldGen       total 97280K, used 7072K [0x0000000080000000, 0x0000000085f00000, 0x00000000d5580000)
  object space 97280K, 7% used [0x0000000080000000,0x00000000806e8108,0x0000000085f00000)
 Metaspace       used 28837K, capacity 29656K, committed 29872K, reserved 1075200K
  class space    used 3980K, capacity 4220K, committed 4272K, reserved 1048576K
Event: 4.794 GC heap after
Heap after GC invocations=6 (full 1):
 PSYoungGen      total 76288K, used 8569K [0x00000000d5580000, 0x00000000dd380000, 0x0000000100000000)
  eden space 65536K, 0% used [0x00000000d5580000,0x00000000d5580000,0x00000000d9580000)
  from space 10752K, 79% used [0x00000000d9580000,0x00000000d9dde748,0x00000000da000000)
  to   space 12288K, 0% used [0x00000000dc780000,0x00000000dc780000,0x00000000dd380000)
 ParOldGen       total 97280K, used 7080K [0x0000000080000000, 0x0000000085f00000, 0x00000000d5580000)
  object space 97280K, 7% used [0x0000000080000000,0x00000000806ea108,0x0000000085f00000)
 Metaspace       used 28837K, capacity 29656K, committed 29872K, reserved 1075200K
  class space    used 3980K, capacity 4220K, committed 4272K, reserved 1048576K
}
Event: 6.737 GC heap before
{Heap before GC invocations=7 (full 1):
 PSYoungGen      total 76288K, used 74105K [0x00000000d5580000, 0x00000000dd380000, 0x0000000100000000)
  eden space 65536K, 100% used [0x00000000d5580000,0x00000000d9580000,0x00000000d9580000)
  from space 10752K, 79% used [0x00000000d9580000,0x00000000d9dde748,0x00000000da000000)
  to   space 12288K, 0% used [0x00000000dc780000,0x00000000dc780000,0x00000000dd380000)
 ParOldGen       total 97280K, used 7080K [0x0000000080000000, 0x0000000085f00000, 0x00000000d5580000)
  object space 97280K, 7% used [0x0000000080000000,0x00000000806ea108,0x0000000085f00000)
 Metaspace       used 33121K, capacity 34230K, committed 34608K, reserved 1079296K
  class space    used 4507K, capacity 4790K, committed 4912K, reserved 1048576K
Event: 6.750 GC heap after
Heap after GC invocations=7 (full 1):
 PSYoungGen      total 111616K, used 9314K [0x00000000d5580000, 0x00000000dd100000, 0x0000000100000000)
  eden space 101888K, 0% used [0x00000000d5580000,0x00000000d5580000,0x00000000db900000)
  from space 9728K, 95% used [0x00000000dc780000,0x00000000dd098858,0x00000000dd100000)
  to   space 12288K, 0% used [0x00000000db900000,0x00000000db900000,0x00000000dc500000)
 ParOldGen       total 97280K, used 7088K [0x0000000080000000, 0x0000000085f00000, 0x00000000d5580000)
  object space 97280K, 7% used [0x0000000080000000,0x00000000806ec108,0x0000000085f00000)
 Metaspace       used 33121K, capacity 34230K, committed 34608K, reserved 1079296K
  class space    used 4507K, capacity 4790K, committed 4912K, reserved 1048576K
}
Event: 7.028 GC heap before
{Heap before GC invocations=8 (full 1):
 PSYoungGen      total 111616K, used 35211K [0x00000000d5580000, 0x00000000dd100000, 0x0000000100000000)
  eden space 101888K, 25% used [0x00000000d5580000,0x00000000d6eca440,0x00000000db900000)
  from space 9728K, 95% used [0x00000000dc780000,0x00000000dd098858,0x00000000dd100000)
  to   space 12288K, 0% used [0x00000000db900000,0x00000000db900000,0x00000000dc500000)
 ParOldGen       total 97280K, used 7088K [0x0000000080000000, 0x0000000085f00000, 0x00000000d5580000)
  object space 97280K, 7% used [0x0000000080000000,0x00000000806ec108,0x0000000085f00000)
 Metaspace       used 34339K, capacity 35464K, committed 35496K, reserved 1079296K
  class space    used 4714K, capacity 5001K, committed 5032K, reserved 1048576K
Event: 7.040 GC heap after
Heap after GC invocations=8 (full 1):
 PSYoungGen      total 114176K, used 7987K [0x00000000d5580000, 0x00000000e1000000, 0x0000000100000000)
  eden space 101888K, 0% used [0x00000000d5580000,0x00000000d5580000,0x00000000db900000)
  from space 12288K, 65% used [0x00000000db900000,0x00000000dc0ccdd8,0x00000000dc500000)
  to   space 11776K, 0% used [0x00000000e0480000,0x00000000e0480000,0x00000000e1000000)
 ParOldGen       total 97280K, used 7096K [0x0000000080000000, 0x0000000085f00000, 0x00000000d5580000)
  object space 97280K, 7% used [0x0000000080000000,0x00000000806ee108,0x0000000085f00000)
 Metaspace       used 34339K, capacity 35464K, committed 35496K, reserved 1079296K
  class space    used 4714K, capacity 5001K, committed 5032K, reserved 1048576K
}
Event: 7.040 GC heap before
{Heap before GC invocations=9 (full 2):
 PSYoungGen      total 114176K, used 7987K [0x00000000d5580000, 0x00000000e1000000, 0x0000000100000000)
  eden space 101888K, 0% used [0x00000000d5580000,0x00000000d5580000,0x00000000db900000)
  from space 12288K, 65% used [0x00000000db900000,0x00000000dc0ccdd8,0x00000000dc500000)
  to   space 11776K, 0% used [0x00000000e0480000,0x00000000e0480000,0x00000000e1000000)
 ParOldGen       total 97280K, used 7096K [0x0000000080000000, 0x0000000085f00000, 0x00000000d5580000)
  object space 97280K, 7% used [0x0000000080000000,0x00000000806ee108,0x0000000085f00000)
 Metaspace       used 34339K, capacity 35464K, committed 35496K, reserved 1079296K
  class space    used 4714K, capacity 5001K, committed 5032K, reserved 1048576K
Event: 7.095 GC heap after
Heap after GC invocations=9 (full 2):
 PSYoungGen      total 114176K, used 0K [0x00000000d5580000, 0x00000000e1000000, 0x0000000100000000)
  eden space 101888K, 0% used [0x00000000d5580000,0x00000000d5580000,0x00000000db900000)
  from space 12288K, 0% used [0x00000000db900000,0x00000000db900000,0x00000000dc500000)
  to   space 11776K, 0% used [0x00000000e0480000,0x00000000e0480000,0x00000000e1000000)
 ParOldGen       total 139776K, used 14354K [0x0000000080000000, 0x0000000088880000, 0x00000000d5580000)
  object space 139776K, 10% used [0x0000000080000000,0x0000000080e04bc8,0x0000000088880000)
 Metaspace       used 34339K, capacity 35464K, committed 35496K, reserved 1079296K
  class space    used 4714K, capacity 5001K, committed 5032K, reserved 1048576K
}
Event: 8.248 GC heap before
{Heap before GC invocations=10 (full 2):
 PSYoungGen      total 114176K, used 101888K [0x00000000d5580000, 0x00000000e1000000, 0x0000000100000000)
  eden space 101888K, 100% used [0x00000000d5580000,0x00000000db900000,0x00000000db900000)
  from space 12288K, 0% used [0x00000000db900000,0x00000000db900000,0x00000000dc500000)
  to   space 11776K, 0% used [0x00000000e0480000,0x00000000e0480000,0x00000000e1000000)
 ParOldGen       total 139776K, used 14354K [0x0000000080000000, 0x0000000088880000, 0x00000000d5580000)
  object space 139776K, 10% used [0x0000000080000000,0x0000000080e04bc8,0x0000000088880000)
 Metaspace       used 37103K, capacity 38754K, committed 39080K, reserved 1083392K
  class space    used 5101K, capacity 5458K, committed 5544K, reserved 1048576K
Event: 8.255 GC heap after
Heap after GC invocations=10 (full 2):
 PSYoungGen      total 167424K, used 8176K [0x00000000d5580000, 0x00000000e0c80000, 0x0000000100000000)
  eden space 159232K, 0% used [0x00000000d5580000,0x00000000d5580000,0x00000000df100000)
  from space 8192K, 99% used [0x00000000e0480000,0x00000000e0c7c138,0x00000000e0c80000)
  to   space 11264K, 0% used [0x00000000df680000,0x00000000df680000,0x00000000e0180000)
 ParOldGen       total 139776K, used 14362K [0x0000000080000000, 0x0000000088880000, 0x00000000d5580000)
  object space 139776K, 10% used [0x0000000080000000,0x0000000080e06bc8,0x0000000088880000)
 Metaspace       used 37103K, capacity 38754K, committed 39080K, reserved 1083392K
  class space    used 5101K, capacity 5458K, committed 5544K, reserved 1048576K
}

