# JRE version: OpenJDK Runtime Environment (8.0_242-b01) (build 1.8.0_242-release-1644-b01)
# Java VM: OpenJDK 64-Bit Server VM (25.242-b01 mixed mode windows-amd64 compressed oops)
Heap:
 PSYoungGen      total 117760K, used 84928K [0x00000000d5580000, 0x00000000dd480000, 0x0000000100000000)
  eden space 105472K, 68% used [0x00000000d5580000,0x00000000d9c771b0,0x00000000dbc80000)
  from space 12288K, 99% used [0x00000000dbc80000,0x00000000dc879130,0x00000000dc880000)
  to   space 11264K, 0% used [0x00000000dc980000,0x00000000dc980000,0x00000000dd480000)
 ParOldGen       total 95744K, used 21401K [0x0000000080000000, 0x0000000085d80000, 0x00000000d5580000)
  object space 95744K, 22% used [0x0000000080000000,0x00000000814e6578,0x0000000085d80000)
 Metaspace       used 52204K, capacity 54248K, committed 54312K, reserved 1095680K
  class space    used 6980K, capacity 7432K, committed 7464K, reserved 1048576K
GC Heap History (10 events):
Event: 4.375 GC heap before
{Heap before GC invocations=7 (full 1):
 PSYoungGen      total 76288K, used 74042K [0x00000000d5580000, 0x00000000dd580000, 0x0000000100000000)
  eden space 65536K, 100% used [0x00000000d5580000,0x00000000d9580000,0x00000000d9580000)
  from space 10752K, 79% used [0x00000000d9580000,0x00000000d9dcebe0,0x00000000da000000)
  to   space 12288K, 0% used [0x00000000dc980000,0x00000000dc980000,0x00000000dd580000)
 ParOldGen       total 95744K, used 7069K [0x0000000080000000, 0x0000000085d80000, 0x00000000d5580000)
  object space 95744K, 7% used [0x0000000080000000,0x00000000806e7538,0x0000000085d80000)
 Metaspace       used 32972K, capacity 34026K, committed 34224K, reserved 1079296K
  class space    used 4495K, capacity 4783K, committed 4784K, reserved 1048576K
Event: 4.383 GC heap after
Heap after GC invocations=7 (full 1):
 PSYoungGen      total 116736K, used 9365K [0x00000000d5580000, 0x00000000dd480000, 0x0000000100000000)
  eden space 105472K, 0% used [0x00000000d5580000,0x00000000d5580000,0x00000000dbc80000)
  from space 11264K, 83% used [0x00000000dc980000,0x00000000dd2a5440,0x00000000dd480000)
  to   space 12288K, 0% used [0x00000000dbc80000,0x00000000dbc80000,0x00000000dc880000)
 ParOldGen       total 95744K, used 7077K [0x0000000080000000, 0x0000000085d80000, 0x00000000d5580000)
  object space 95744K, 7% used [0x0000000080000000,0x00000000806e9538,0x0000000085d80000)
 Metaspace       used 32972K, capacity 34026K, committed 34224K, reserved 1079296K
  class space    used 4495K, capacity 4783K, committed 4784K, reserved 1048576K
}
Event: 4.623 GC heap before
{Heap before GC invocations=8 (full 1):
 PSYoungGen      total 116736K, used 36533K [0x00000000d5580000, 0x00000000dd480000, 0x0000000100000000)
  eden space 105472K, 25% used [0x00000000d5580000,0x00000000d7008108,0x00000000dbc80000)
  from space 11264K, 83% used [0x00000000dc980000,0x00000000dd2a5440,0x00000000dd480000)
  to   space 12288K, 0% used [0x00000000dbc80000,0x00000000dbc80000,0x00000000dc880000)
 ParOldGen       total 95744K, used 7077K [0x0000000080000000, 0x0000000085d80000, 0x00000000d5580000)
  object space 95744K, 7% used [0x0000000080000000,0x00000000806e9538,0x0000000085d80000)
 Metaspace       used 34334K, capacity 35412K, committed 35496K, reserved 1079296K
  class space    used 4714K, capacity 5001K, committed 5032K, reserved 1048576K
Event: 4.635 GC heap after
Heap after GC invocations=8 (full 1):
 PSYoungGen      total 117760K, used 8218K [0x00000000d5580000, 0x00000000dd480000, 0x0000000100000000)
  eden space 105472K, 0% used [0x00000000d5580000,0x00000000d5580000,0x00000000dbc80000)
  from space 12288K, 66% used [0x00000000dbc80000,0x00000000dc486b90,0x00000000dc880000)
  to   space 11264K, 0% used [0x00000000dc980000,0x00000000dc980000,0x00000000dd480000)
 ParOldGen       total 95744K, used 7085K [0x0000000080000000, 0x0000000085d80000, 0x00000000d5580000)
  object space 95744K, 7% used [0x0000000080000000,0x00000000806eb538,0x0000000085d80000)
 Metaspace       used 34334K, capacity 35412K, committed 35496K, reserved 1079296K
  class space    used 4714K, capacity 5001K, committed 5032K, reserved 1048576K
}
Event: 4.635 GC heap before
{Heap before GC invocations=9 (full 2):
 PSYoungGen      total 117760K, used 8218K [0x00000000d5580000, 0x00000000dd480000, 0x0000000100000000)
  eden space 105472K, 0% used [0x00000000d5580000,0x00000000d5580000,0x00000000dbc80000)
  from space 12288K, 66% used [0x00000000dbc80000,0x00000000dc486b90,0x00000000dc880000)
  to   space 11264K, 0% used [0x00000000dc980000,0x00000000dc980000,0x00000000dd480000)
 ParOldGen       total 95744K, used 7085K [0x0000000080000000, 0x0000000085d80000, 0x00000000d5580000)
  object space 95744K, 7% used [0x0000000080000000,0x00000000806eb538,0x0000000085d80000)
 Metaspace       used 34334K, capacity 35412K, committed 35496K, reserved 1079296K
  class space    used 4714K, capacity 5001K, committed 5032K, reserved 1048576K
Event: 4.699 GC heap after
Heap after GC invocations=9 (full 2):
 PSYoungGen      total 117760K, used 0K [0x00000000d5580000, 0x00000000dd480000, 0x0000000100000000)
  eden space 105472K, 0% used [0x00000000d5580000,0x00000000d5580000,0x00000000dbc80000)
  from space 12288K, 0% used [0x00000000dbc80000,0x00000000dbc80000,0x00000000dc880000)
  to   space 11264K, 0% used [0x00000000dc980000,0x00000000dc980000,0x00000000dd480000)
 ParOldGen       total 95744K, used 14424K [0x0000000080000000, 0x0000000085d80000, 0x00000000d5580000)
  object space 95744K, 15% used [0x0000000080000000,0x0000000080e163f0,0x0000000085d80000)
 Metaspace       used 34334K, capacity 35412K, committed 35496K, reserved 1079296K
  class space    used 4714K, capacity 5001K, committed 5032K, reserved 1048576K
}
Event: 5.457 GC heap before
{Heap before GC invocations=10 (full 2):
 PSYoungGen      total 117760K, used 105472K [0x00000000d5580000, 0x00000000dd480000, 0x0000000100000000)
  eden space 105472K, 100% used [0x00000000d5580000,0x00000000dbc80000,0x00000000dbc80000)
  from space 12288K, 0% used [0x00000000dbc80000,0x00000000dbc80000,0x00000000dc880000)
  to   space 11264K, 0% used [0x00000000dc980000,0x00000000dc980000,0x00000000dd480000)
 ParOldGen       total 95744K, used 14424K [0x0000000080000000, 0x0000000085d80000, 0x00000000d5580000)
  object space 95744K, 15% used [0x0000000080000000,0x0000000080e163f0,0x0000000085d80000)
 Metaspace       used 37097K, capacity 38716K, committed 38824K, reserved 1083392K
  class space    used 5102K, capacity 5461K, committed 5544K, reserved 1048576K
Event: 5.464 GC heap after
Heap after GC invocations=10 (full 2):
 PSYoungGen      total 116736K, used 8090K [0x00000000d5580000, 0x00000000dd480000, 0x0000000100000000)
  eden space 105472K, 0% used [0x00000000d5580000,0x00000000d5580000,0x00000000dbc80000)
  from space 11264K, 71% used [0x00000000dc980000,0x00000000dd1669b0,0x00000000dd480000)
  to   space 12288K, 0% used [0x00000000dbc80000,0x00000000dbc80000,0x00000000dc880000)
 ParOldGen       total 95744K, used 14432K [0x0000000080000000, 0x0000000085d80000, 0x00000000d5580000)
  object space 95744K, 15% used [0x0000000080000000,0x0000000080e183f0,0x0000000085d80000)
 Metaspace       used 37097K, capacity 38716K, committed 38824K, reserved 1083392K
  class space    used 5102K, capacity 5461K, committed 5544K, reserved 1048576K
}
Event: 6.895 GC heap before
{Heap before GC invocations=11 (full 2):
 PSYoungGen      total 116736K, used 113562K [0x00000000d5580000, 0x00000000dd480000, 0x0000000100000000)
  eden space 105472K, 100% used [0x00000000d5580000,0x00000000dbc80000,0x00000000dbc80000)
  from space 11264K, 71% used [0x00000000dc980000,0x00000000dd1669b0,0x00000000dd480000)
  to   space 12288K, 0% used [0x00000000dbc80000,0x00000000dbc80000,0x00000000dc880000)
 ParOldGen       total 95744K, used 14432K [0x0000000080000000, 0x0000000085d80000, 0x00000000d5580000)
  object space 95744K, 15% used [0x0000000080000000,0x0000000080e183f0,0x0000000085d80000)
 Metaspace       used 47786K, capacity 49724K, committed 49960K, reserved 1091584K
  class space    used 6443K, capacity 6834K, committed 6952K, reserved 1048576K
Event: 6.907 GC heap after
Heap after GC invocations=11 (full 2):
 PSYoungGen      total 117760K, used 12260K [0x00000000d5580000, 0x00000000dd480000, 0x0000000100000000)
  eden space 105472K, 0% used [0x00000000d5580000,0x00000000d5580000,0x00000000dbc80000)
  from space 12288K, 99% used [0x00000000dbc80000,0x00000000dc879130,0x00000000dc880000)
  to   space 11264K, 0% used [0x00000000dc980000,0x00000000dc980000,0x00000000dd480000)
 ParOldGen       total 95744K, used 21401K [0x0000000080000000, 0x0000000085d80000, 0x00000000d5580000)
  object space 95744K, 22% used [0x0000000080000000,0x00000000814e6578,0x0000000085d80000)
 Metaspace       used 47786K, capacity 49724K, committed 49960K, reserved 1091584K
  class space    used 6443K, capacity 6834K, committed 6952K, reserved 1048576K
}

